<?xml version="1.0" encoding="UTF-8"?>
<!-- Generated by org.testng.reporters.JUnitXMLReporter -->
<testsuite ignored="0" hostname="DESKTOP-SBUKS87" failures="0" tests="9" name="Test" time="72.787" errors="0" timestamp="2025-08-07T10:23:43 BST">
  <testcase classname="testCases.TC_LO_001_Login" name="ValidUserName_ValidPassword" time="1.99"/>
  <testcase classname="testCases.TC_LO_002_Login" name="ValidUserName_InvalidPassword" time="1.995"/>
  <testcase classname="testCases.TC_LO_003_Login" name="InValidUserName_ValidPassword" time="1.898"/>
  <testcase classname="testCases.TC_LO_004_Login" name="InValidUserName_InValidPassword" time="1.889"/>
  <testcase classname="testCases.TC_LO_005_Login" name="EmptyUserName_EmptyPassword" time="1.652"/>
  <testcase classname="testCases.TC_LO_006_Login" name="EmptyUserName_ValidPassword" time="1.732"/>
  <testcase classname="testCases.TC_LO_007_Login" name="ValidUserName_EmptyPassword" time="1.88"/>
  <testcase classname="testCases.TC_LO_008_Login" name="EmptyUserName_InvalidPassword" time="1.812"/>
  <testcase classname="testCases.TC_LO_009_Login" name="InValidUserName_EmptyPassword" time="1.761"/>
</testsuite> <!-- Test -->
