<?xml version="1.0" encoding="UTF-8"?>
<testng-results ignored="0" total="9" passed="9" failed="0" skipped="0">
  <reporter-output>
  </reporter-output>
  <suite started-at="2025-08-07T10:22:30 BST" name="Suite" finished-at="2025-08-07T10:23:43 BST" duration-ms="72787">
    <groups>
      <group name="regression">
        <method signature="TC_LO_001_Login.ValidUserName_ValidPassword()[pri:0, instance:testCases.TC_LO_001_Login@16eb3ea3]" name="ValidUserName_ValidPassword" class="testCases.TC_LO_001_Login"/>
        <method signature="TC_LO_005_Login.EmptyUserName_EmptyPassword()[pri:0, instance:testCases.TC_LO_005_Login@57a78e3]" name="EmptyUserName_EmptyPassword" class="testCases.TC_LO_005_Login"/>
      </group> <!-- regression -->
      <group name="smoke">
        <method signature="TC_LO_001_Login.ValidUserName_ValidPassword()[pri:0, instance:testCases.TC_LO_001_Login@16eb3ea3]" name="ValidUserName_ValidPassword" class="testCases.TC_LO_001_Login"/>
        <method signature="TC_LO_002_Login.ValidUserName_InvalidPassword()[pri:0, instance:testCases.TC_LO_002_Login@48bb62]" name="ValidUserName_InvalidPassword" class="testCases.TC_LO_002_Login"/>
        <method signature="TC_LO_003_Login.InValidUserName_ValidPassword()[pri:0, instance:testCases.TC_LO_003_Login@353352b6]" name="InValidUserName_ValidPassword" class="testCases.TC_LO_003_Login"/>
        <method signature="TC_LO_004_Login.InValidUserName_InValidPassword()[pri:0, instance:testCases.TC_LO_004_Login@4681c175]" name="InValidUserName_InValidPassword" class="testCases.TC_LO_004_Login"/>
      </group> <!-- smoke -->
      <group name="sanity">
        <method signature="TC_LO_001_Login.ValidUserName_ValidPassword()[pri:0, instance:testCases.TC_LO_001_Login@16eb3ea3]" name="ValidUserName_ValidPassword" class="testCases.TC_LO_001_Login"/>
        <method signature="TC_LO_002_Login.ValidUserName_InvalidPassword()[pri:0, instance:testCases.TC_LO_002_Login@48bb62]" name="ValidUserName_InvalidPassword" class="testCases.TC_LO_002_Login"/>
        <method signature="TC_LO_003_Login.InValidUserName_ValidPassword()[pri:0, instance:testCases.TC_LO_003_Login@353352b6]" name="InValidUserName_ValidPassword" class="testCases.TC_LO_003_Login"/>
        <method signature="TC_LO_004_Login.InValidUserName_InValidPassword()[pri:0, instance:testCases.TC_LO_004_Login@4681c175]" name="InValidUserName_InValidPassword" class="testCases.TC_LO_004_Login"/>
      </group> <!-- sanity -->
    </groups>
    <test started-at="2025-08-07T10:22:30 BST" name="Test" finished-at="2025-08-07T10:23:43 BST" duration-ms="72787">
      <class name="testCases.TC_LO_001_Login">
        <test-method is-config="true" signature="setup_method()[pri:0, instance:testCases.TC_LO_001_Login@16eb3ea3]" started-at="2025-08-07T10:22:30 BST" name="setup_method" finished-at="2025-08-07T10:22:45 BST" duration-ms="14286" status="PASS">
          <reporter-output>
          </reporter-output>
        </test-method> <!-- setup_method -->
        <test-method signature="ValidUserName_ValidPassword()[pri:0, instance:testCases.TC_LO_001_Login@16eb3ea3]" started-at="2025-08-07T10:22:45 BST" name="ValidUserName_ValidPassword" finished-at="2025-08-07T10:22:47 BST" duration-ms="1990" status="PASS">
          <reporter-output>
          </reporter-output>
        </test-method> <!-- ValidUserName_ValidPassword -->
        <test-method is-config="true" signature="closewindow()[pri:0, instance:testCases.TC_LO_001_Login@16eb3ea3]" started-at="2025-08-07T10:22:47 BST" name="closewindow" finished-at="2025-08-07T10:22:47 BST" duration-ms="392" status="PASS">
          <reporter-output>
          </reporter-output>
        </test-method> <!-- closewindow -->
      </class> <!-- testCases.TC_LO_001_Login -->
      <class name="testCases.TC_LO_002_Login">
        <test-method is-config="true" signature="setup_method()[pri:0, instance:testCases.TC_LO_002_Login@48bb62]" started-at="2025-08-07T10:22:47 BST" name="setup_method" finished-at="2025-08-07T10:22:52 BST" duration-ms="4766" status="PASS">
          <reporter-output>
          </reporter-output>
        </test-method> <!-- setup_method -->
        <test-method signature="ValidUserName_InvalidPassword()[pri:0, instance:testCases.TC_LO_002_Login@48bb62]" started-at="2025-08-07T10:22:52 BST" name="ValidUserName_InvalidPassword" finished-at="2025-08-07T10:22:54 BST" duration-ms="1995" status="PASS">
          <reporter-output>
          </reporter-output>
        </test-method> <!-- ValidUserName_InvalidPassword -->
        <test-method is-config="true" signature="closewindow()[pri:0, instance:testCases.TC_LO_002_Login@48bb62]" started-at="2025-08-07T10:22:54 BST" name="closewindow" finished-at="2025-08-07T10:22:54 BST" duration-ms="264" status="PASS">
          <reporter-output>
          </reporter-output>
        </test-method> <!-- closewindow -->
      </class> <!-- testCases.TC_LO_002_Login -->
      <class name="testCases.TC_LO_008_Login">
        <test-method is-config="true" signature="setup_method()[pri:0, instance:testCases.TC_LO_008_Login@2767e23c]" started-at="2025-08-07T10:23:29 BST" name="setup_method" finished-at="2025-08-07T10:23:34 BST" duration-ms="5020" status="PASS">
          <reporter-output>
          </reporter-output>
        </test-method> <!-- setup_method -->
        <test-method signature="EmptyUserName_InvalidPassword()[pri:0, instance:testCases.TC_LO_008_Login@2767e23c]" started-at="2025-08-07T10:23:34 BST" name="EmptyUserName_InvalidPassword" finished-at="2025-08-07T10:23:36 BST" duration-ms="1812" status="PASS">
          <reporter-output>
          </reporter-output>
        </test-method> <!-- EmptyUserName_InvalidPassword -->
        <test-method is-config="true" signature="closewindow()[pri:0, instance:testCases.TC_LO_008_Login@2767e23c]" started-at="2025-08-07T10:23:36 BST" name="closewindow" finished-at="2025-08-07T10:23:36 BST" duration-ms="269" status="PASS">
          <reporter-output>
          </reporter-output>
        </test-method> <!-- closewindow -->
      </class> <!-- testCases.TC_LO_008_Login -->
      <class name="testCases.TC_LO_004_Login">
        <test-method is-config="true" signature="setup_method()[pri:0, instance:testCases.TC_LO_004_Login@4681c175]" started-at="2025-08-07T10:23:01 BST" name="setup_method" finished-at="2025-08-07T10:23:06 BST" duration-ms="4716" status="PASS">
          <reporter-output>
          </reporter-output>
        </test-method> <!-- setup_method -->
        <test-method signature="InValidUserName_InValidPassword()[pri:0, instance:testCases.TC_LO_004_Login@4681c175]" started-at="2025-08-07T10:23:06 BST" name="InValidUserName_InValidPassword" finished-at="2025-08-07T10:23:08 BST" duration-ms="1889" status="PASS">
          <reporter-output>
          </reporter-output>
        </test-method> <!-- InValidUserName_InValidPassword -->
        <test-method is-config="true" signature="closewindow()[pri:0, instance:testCases.TC_LO_004_Login@4681c175]" started-at="2025-08-07T10:23:08 BST" name="closewindow" finished-at="2025-08-07T10:23:08 BST" duration-ms="250" status="PASS">
          <reporter-output>
          </reporter-output>
        </test-method> <!-- closewindow -->
      </class> <!-- testCases.TC_LO_004_Login -->
      <class name="testCases.TC_LO_006_Login">
        <test-method is-config="true" signature="setup_method()[pri:0, instance:testCases.TC_LO_006_Login@402c4085]" started-at="2025-08-07T10:23:15 BST" name="setup_method" finished-at="2025-08-07T10:23:20 BST" duration-ms="4766" status="PASS">
          <reporter-output>
          </reporter-output>
        </test-method> <!-- setup_method -->
        <test-method signature="EmptyUserName_ValidPassword()[pri:0, instance:testCases.TC_LO_006_Login@402c4085]" started-at="2025-08-07T10:23:20 BST" name="EmptyUserName_ValidPassword" finished-at="2025-08-07T10:23:22 BST" duration-ms="1732" status="PASS">
          <reporter-output>
          </reporter-output>
        </test-method> <!-- EmptyUserName_ValidPassword -->
        <test-method is-config="true" signature="closewindow()[pri:0, instance:testCases.TC_LO_006_Login@402c4085]" started-at="2025-08-07T10:23:22 BST" name="closewindow" finished-at="2025-08-07T10:23:22 BST" duration-ms="213" status="PASS">
          <reporter-output>
          </reporter-output>
        </test-method> <!-- closewindow -->
      </class> <!-- testCases.TC_LO_006_Login -->
      <class name="testCases.TC_LO_009_Login">
        <test-method is-config="true" signature="setup_method()[pri:0, instance:testCases.TC_LO_009_Login@710c2b53]" started-at="2025-08-07T10:23:36 BST" name="setup_method" finished-at="2025-08-07T10:23:41 BST" duration-ms="4674" status="PASS">
          <reporter-output>
          </reporter-output>
        </test-method> <!-- setup_method -->
        <test-method signature="InValidUserName_EmptyPassword()[pri:0, instance:testCases.TC_LO_009_Login@710c2b53]" started-at="2025-08-07T10:23:41 BST" name="InValidUserName_EmptyPassword" finished-at="2025-08-07T10:23:42 BST" duration-ms="1761" status="PASS">
          <reporter-output>
          </reporter-output>
        </test-method> <!-- InValidUserName_EmptyPassword -->
        <test-method is-config="true" signature="closewindow()[pri:0, instance:testCases.TC_LO_009_Login@710c2b53]" started-at="2025-08-07T10:23:42 BST" name="closewindow" finished-at="2025-08-07T10:23:43 BST" duration-ms="228" status="PASS">
          <reporter-output>
          </reporter-output>
        </test-method> <!-- closewindow -->
      </class> <!-- testCases.TC_LO_009_Login -->
      <class name="testCases.TC_LO_003_Login">
        <test-method is-config="true" signature="setup_method()[pri:0, instance:testCases.TC_LO_003_Login@353352b6]" started-at="2025-08-07T10:22:54 BST" name="setup_method" finished-at="2025-08-07T10:22:59 BST" duration-ms="4835" status="PASS">
          <reporter-output>
          </reporter-output>
        </test-method> <!-- setup_method -->
        <test-method signature="InValidUserName_ValidPassword()[pri:0, instance:testCases.TC_LO_003_Login@353352b6]" started-at="2025-08-07T10:22:59 BST" name="InValidUserName_ValidPassword" finished-at="2025-08-07T10:23:01 BST" duration-ms="1898" status="PASS">
          <reporter-output>
          </reporter-output>
        </test-method> <!-- InValidUserName_ValidPassword -->
        <test-method is-config="true" signature="closewindow()[pri:0, instance:testCases.TC_LO_003_Login@353352b6]" started-at="2025-08-07T10:23:01 BST" name="closewindow" finished-at="2025-08-07T10:23:01 BST" duration-ms="235" status="PASS">
          <reporter-output>
          </reporter-output>
        </test-method> <!-- closewindow -->
      </class> <!-- testCases.TC_LO_003_Login -->
      <class name="testCases.TC_LO_005_Login">
        <test-method is-config="true" signature="setup_method()[pri:0, instance:testCases.TC_LO_005_Login@57a78e3]" started-at="2025-08-07T10:23:08 BST" name="setup_method" finished-at="2025-08-07T10:23:13 BST" duration-ms="5272" status="PASS">
          <reporter-output>
          </reporter-output>
        </test-method> <!-- setup_method -->
        <test-method signature="EmptyUserName_EmptyPassword()[pri:0, instance:testCases.TC_LO_005_Login@57a78e3]" started-at="2025-08-07T10:23:13 BST" name="EmptyUserName_EmptyPassword" finished-at="2025-08-07T10:23:15 BST" duration-ms="1652" status="PASS">
          <reporter-output>
          </reporter-output>
        </test-method> <!-- EmptyUserName_EmptyPassword -->
        <test-method is-config="true" signature="closewindow()[pri:0, instance:testCases.TC_LO_005_Login@57a78e3]" started-at="2025-08-07T10:23:15 BST" name="closewindow" finished-at="2025-08-07T10:23:15 BST" duration-ms="263" status="PASS">
          <reporter-output>
          </reporter-output>
        </test-method> <!-- closewindow -->
      </class> <!-- testCases.TC_LO_005_Login -->
      <class name="testCases.TC_LO_007_Login">
        <test-method is-config="true" signature="setup_method()[pri:0, instance:testCases.TC_LO_007_Login@6fa51cd4]" started-at="2025-08-07T10:23:22 BST" name="setup_method" finished-at="2025-08-07T10:23:27 BST" duration-ms="4792" status="PASS">
          <reporter-output>
          </reporter-output>
        </test-method> <!-- setup_method -->
        <test-method signature="ValidUserName_EmptyPassword()[pri:0, instance:testCases.TC_LO_007_Login@6fa51cd4]" started-at="2025-08-07T10:23:27 BST" name="ValidUserName_EmptyPassword" finished-at="2025-08-07T10:23:29 BST" duration-ms="1880" status="PASS">
          <reporter-output>
          </reporter-output>
        </test-method> <!-- ValidUserName_EmptyPassword -->
        <test-method is-config="true" signature="closewindow()[pri:0, instance:testCases.TC_LO_007_Login@6fa51cd4]" started-at="2025-08-07T10:23:29 BST" name="closewindow" finished-at="2025-08-07T10:23:29 BST" duration-ms="327" status="PASS">
          <reporter-output>
          </reporter-output>
        </test-method> <!-- closewindow -->
      </class> <!-- testCases.TC_LO_007_Login -->
    </test> <!-- Test -->
  </suite> <!-- Suite -->
</testng-results>
